<?xml version="1.0" encoding="UTF-8"?>
<testsuite xmlns:xsi="http://www.w3.org/2001/XMLSchema-instance" xsi:noNamespaceSchemaLocation="https://maven.apache.org/surefire/maven-surefire-plugin/xsd/surefire-test-report-3.0.xsd" version="3.0" name="com.floorplan.maven.classes.AppTest" time="0.038" tests="1" errors="0" skipped="0" failures="0">
  <properties>
    <property name="java.specification.version" value="21"/>
    <property name="sun.cpu.isalist" value="amd64"/>
    <property name="sun.jnu.encoding" value="Cp1252"/>
    <property name="java.class.path" value="C:\Users\diego\SE160\InteractiveFloorplan\InteractiveFloorplan\maven-project-jar\target\test-classes;C:\Users\diego\SE160\InteractiveFloorplan\InteractiveFloorplan\maven-project-jar\target\classes;C:\Users\diego\.m2\repository\junit\junit\4.11\junit-4.11.jar;C:\Users\diego\.m2\repository\org\hamcrest\hamcrest-core\1.3\hamcrest-core-1.3.jar;"/>
    <property name="java.vm.vendor" value="Oracle Corporation"/>
    <property name="sun.arch.data.model" value="64"/>
    <property name="user.variant" value=""/>
    <property name="java.vendor.url" value="https://java.oracle.com/"/>
    <property name="user.timezone" value="America/Los_Angeles"/>
    <property name="os.name" value="Windows 11"/>
    <property name="java.vm.specification.version" value="21"/>
    <property name="sun.java.launcher" value="SUN_STANDARD"/>
    <property name="user.country" value="US"/>
    <property name="sun.boot.library.path" value="C:\Program Files\jdk-21.0.2\bin"/>
    <property name="sun.java.command" value="C:\Users\diego\AppData\Local\Temp\surefire11281645184495255873\surefirebooter-20240321081030089_3.jar C:\Users\diego\AppData\Local\Temp\surefire11281645184495255873 2024-03-21T08-10-29_960-jvmRun1 surefire-20240321081030089_1tmp surefire_0-20240321081030089_2tmp"/>
    <property name="jdk.debug" value="release"/>
    <property name="surefire.test.class.path" value="C:\Users\diego\SE160\InteractiveFloorplan\InteractiveFloorplan\maven-project-jar\target\test-classes;C:\Users\diego\SE160\InteractiveFloorplan\InteractiveFloorplan\maven-project-jar\target\classes;C:\Users\diego\.m2\repository\junit\junit\4.11\junit-4.11.jar;C:\Users\diego\.m2\repository\org\hamcrest\hamcrest-core\1.3\hamcrest-core-1.3.jar;"/>
    <property name="sun.cpu.endian" value="little"/>
    <property name="user.home" value="C:\Users\diego"/>
    <property name="user.language" value="en"/>
    <property name="java.specification.vendor" value="Oracle Corporation"/>
    <property name="java.version.date" value="2024-01-16"/>
    <property name="java.home" value="C:\Program Files\jdk-21.0.2"/>
    <property name="file.separator" value="\"/>
    <property name="basedir" value="C:\Users\diego\SE160\InteractiveFloorplan\InteractiveFloorplan\maven-project-jar"/>
    <property name="style.color" value="always"/>
    <property name="java.vm.compressedOopsMode" value="Zero based"/>
    <property name="line.separator" value="&#10;"/>
    <property name="java.vm.specification.vendor" value="Oracle Corporation"/>
    <property name="java.specification.name" value="Java Platform API Specification"/>
    <property name="surefire.real.class.path" value="C:\Users\diego\AppData\Local\Temp\surefire11281645184495255873\surefirebooter-20240321081030089_3.jar"/>
    <property name="user.script" value=""/>
    <property name="sun.management.compiler" value="HotSpot 64-Bit Tiered Compilers"/>
    <property name="java.runtime.version" value="21.0.2+13-LTS-58"/>
    <property name="user.name" value="diego"/>
    <property name="stdout.encoding" value="Cp1252"/>
    <property name="path.separator" value=";"/>
    <property name="os.version" value="10.0"/>
    <property name="java.runtime.name" value="Java(TM) SE Runtime Environment"/>
    <property name="file.encoding" value="UTF-8"/>
    <property name="java.vm.name" value="Java HotSpot(TM) 64-Bit Server VM"/>
    <property name="localRepository" value="C:\Users\diego\.m2\repository"/>
    <property name="java.vendor.url.bug" value="https://bugreport.java.com/bugreport/"/>
    <property name="java.io.tmpdir" value="C:\Users\diego\AppData\Local\Temp\"/>
    <property name="java.version" value="21.0.2"/>
    <property name="user.dir" value="C:\Users\diego\SE160\InteractiveFloorplan\InteractiveFloorplan\maven-project-jar"/>
    <property name="os.arch" value="amd64"/>
    <property name="java.vm.specification.name" value="Java Virtual Machine Specification"/>
    <property name="sun.os.patch.level" value=""/>
    <property name="native.encoding" value="Cp1252"/>
    <property name="java.library.path" value="C:\Program Files\jdk-21.0.2\bin;C:\WINDOWS\Sun\Java\bin;C:\WINDOWS\system32;C:\WINDOWS;C:/Users/diego/.p2/pool/plugins/org.eclipse.justj.openjdk.hotspot.jre.full.win32.x86_64_17.0.8.v20230831-1047/jre/bin/server;C:/Users/diego/.p2/pool/plugins/org.eclipse.justj.openjdk.hotspot.jre.full.win32.x86_64_17.0.8.v20230831-1047/jre/bin;C:\Program Files\R\R-4.2.3\bin\x64;C:\mingw-w64-v11.0.0;C:\Users\diego\AppData\Local\Programs\Microsoft VS Code;C:\Users\diego\AppData\Local\Programs\Microsoft VS Code\bin;C:\Program Files\CMake\bin;C:\msys64\ucrt64\bin;C:\Program Files\Git\cmd;C:\Program Files (x86)\nodejs\;C:\Windows\System32\;C:\WINDOWS\system32;C:\Program Files\Java\jdk1.8.0_60;C:\Program Files\Java\jdk1.8.0_60\jre;C:\ghcup\bin;C:\Program Files\swipl\bin;C:\Program Files\jdk-21.0.2\bin;C:\Program Files\apache-maven-3.9.6\bin;C:\Users\diego\AppData\Local\Programs\Python\Python311\Scripts\;C:\Users\diego\AppData\Local\Programs\Python\Python311\;C:\Users\diego\AppData\Roaming\npm;C:\Users\diego\AppData\Local\Programs\Microsoft VS Code\bin;C:\ghcup\bin;C:\Users\diego\.dotnet\tools;;C:\WINDOWS\system32;;."/>
    <property name="java.vm.info" value="mixed mode, sharing"/>
    <property name="stderr.encoding" value="Cp1252"/>
    <property name="java.vendor" value="Oracle Corporation"/>
    <property name="java.vm.version" value="21.0.2+13-LTS-58"/>
    <property name="sun.io.unicode.encoding" value="UnicodeLittle"/>
    <property name="java.class.version" value="65.0"/>
  </properties>
  <testcase name="shouldAnswerWithTrue" classname="com.floorplan.maven.classes.AppTest" time="0.004"/>
</testsuite>